[debug] [2025-11-03T17:50:47.561Z] ----------------------------------------------------------------------
[debug] [2025-11-03T17:50:47.563Z] Command:       /usr/bin/node /usr/bin/firebase init
[debug] [2025-11-03T17:50:47.564Z] CLI Version:   14.23.0
[debug] [2025-11-03T17:50:47.564Z] Platform:      linux
[debug] [2025-11-03T17:50:47.564Z] Node Version:  v25.1.0
[debug] [2025-11-03T17:50:47.564Z] Time:          Mon Nov 03 2025 11:50:47 GMT-0600 (hora estándar central)
[debug] [2025-11-03T17:50:47.564Z] ----------------------------------------------------------------------
[debug] 
[info] 
     ######## #### ########  ######## ########     ###     ######  ########
     ##        ##  ##     ## ##       ##     ##  ##   ##  ##       ##
     ######    ##  ########  ######   ########  #########  ######  ######
     ##        ##  ##    ##  ##       ##     ## ##     ##       ## ##
     ##       #### ##     ## ######## ########  ##     ##  ######  ########

You're about to initialize a Firebase project in this directory:

  /home/jlopez/Documentos/DOC_706/INGENIERIA_SOFTWARE_II/1ER_PARCIAL/mi-app-modular

Before we get started, keep in mind:

  * You are initializing within an existing Firebase project directory

[info] 
=== Project Setup
[info] 
[info] First, let's associate this project directory with a Firebase project.
[info] You can create multiple project aliases by running firebase use --add, 
[info] 
[debug] [2025-11-03T17:51:04.106Z] > command requires scopes: ["email","openid","https://www.googleapis.com/auth/cloudplatformprojects.readonly","https://www.googleapis.com/auth/firebase","https://www.googleapis.com/auth/cloud-platform"]
[debug] [2025-11-03T17:51:04.106Z] > authorizing via signed-in user (j.lopezlopez1004@gmail.com)
[debug] [2025-11-03T17:51:04.107Z] Checked if tokens are valid: true, expires at: 1762195319719
[debug] [2025-11-03T17:51:04.107Z] Checked if tokens are valid: true, expires at: 1762195319719
[debug] [2025-11-03T17:51:04.108Z] >>> [apiv2][query] GET https://firebase.googleapis.com/v1beta1/projects/my-snoopy-app [none]
[debug] [2025-11-03T17:51:04.614Z] <<< [apiv2][status] GET https://firebase.googleapis.com/v1beta1/projects/my-snoopy-app 200
[debug] [2025-11-03T17:51:04.615Z] <<< [apiv2][body] GET https://firebase.googleapis.com/v1beta1/projects/my-snoopy-app {"projectId":"my-snoopy-app","projectNumber":"28352394477","displayName":"my-snoopy-app","name":"projects/my-snoopy-app","resources":{"hostingSite":"my-snoopy-app"},"state":"ACTIVE","etag":"1_6a86f21f-d5ea-4e62-90b1-b1dadad8bbfd"}
[info] i  Using project my-snoopy-app (my-snoopy-app) . 
[info] 
=== Hosting Setup
[debug] [2025-11-03T17:51:04.624Z] Checked if tokens are valid: true, expires at: 1762195319719
[debug] [2025-11-03T17:51:04.624Z] Checked if tokens are valid: true, expires at: 1762195319719
[debug] [2025-11-03T17:51:04.624Z] >>> [apiv2][query] GET https://firebase.googleapis.com/v1beta1/projects/my-snoopy-app [none]
[debug] [2025-11-03T17:51:04.771Z] <<< [apiv2][status] GET https://firebase.googleapis.com/v1beta1/projects/my-snoopy-app 200
[debug] [2025-11-03T17:51:04.771Z] <<< [apiv2][body] GET https://firebase.googleapis.com/v1beta1/projects/my-snoopy-app {"projectId":"my-snoopy-app","projectNumber":"28352394477","displayName":"my-snoopy-app","name":"projects/my-snoopy-app","resources":{"hostingSite":"my-snoopy-app"},"state":"ACTIVE","etag":"1_6a86f21f-d5ea-4e62-90b1-b1dadad8bbfd"}
[info] 
[info] Your public directory is the folder (relative to your project directory) that
[info] will contain Hosting assets to be uploaded with firebase deploy. If you
[info] have a build process for your assets, use your build's output directory.
[info] 
[debug] [2025-11-03T17:51:20.401Z] ExitPromptError: User force closed the prompt with SIGINT
    at Interface.sigint (/usr/lib/node_modules/firebase-tools/node_modules/@inquirer/core/dist/commonjs/lib/create-prompt.js:101:37)
    at Interface.emit (node:events:508:28)
    at Interface.emit (node:domain:489:12)
    at [_ttyWrite] [as _ttyWrite] (node:internal/readline/interface:1317:18)
    at ReadStream.onkeypress (node:internal/readline/interface:284:20)
    at ReadStream.emit (node:events:520:35)
    at ReadStream.emit (node:domain:489:12)
    at emitKeys (node:internal/readline/utils:371:14)
    at emitKeys.next (<anonymous>)
    at ReadStream.onData (node:internal/readline/emitKeypressEvents:64:36)
[error] 
[error] Error: An unexpected error has occurred.
